2021-03-18 08:57:30.662  INFO 12408 --- [restartedMain] c.c.O.OnlineBusBookingApplication        : Starting OnlineBusBookingApplication using Java 1.8.0_192 on DESKTOP-2KEIG38 with PID 12408 (C:\Users\sidha\eclipse-workspace\SprintProject\Online-Bus-Booking\bin\main started by sidha in C:\Users\sidha\eclipse-workspace\SprintProject\Online-Bus-Booking)
2021-03-18 08:57:30.730  INFO 12408 --- [restartedMain] c.c.O.OnlineBusBookingApplication        : No active profile set, falling back to default profiles: default
2021-03-18 08:57:30.942  INFO 12408 --- [restartedMain] .e.DevToolsPropertyDefaultsPostProcessor : Devtools property defaults active! Set 'spring.devtools.add-properties' to 'false' to disable
2021-03-18 08:57:30.956  INFO 12408 --- [restartedMain] .e.DevToolsPropertyDefaultsPostProcessor : For additional web related logging consider setting the 'logging.level.web' property to 'DEBUG'
2021-03-18 08:57:33.440  INFO 12408 --- [restartedMain] .s.d.r.c.RepositoryConfigurationDelegate : Bootstrapping Spring Data JPA repositories in DEFAULT mode.
2021-03-18 08:57:33.828  INFO 12408 --- [restartedMain] .s.d.r.c.RepositoryConfigurationDelegate : Finished Spring Data repository scanning in 359 ms. Found 8 JPA repository interfaces.
2021-03-18 08:57:36.232  INFO 12408 --- [restartedMain] o.s.b.w.embedded.tomcat.TomcatWebServer  : Tomcat initialized with port(s): 80 (http)
2021-03-18 08:57:36.471  INFO 12408 --- [restartedMain] o.apache.catalina.core.StandardService   : Starting service [Tomcat]
2021-03-18 08:57:36.472  INFO 12408 --- [restartedMain] org.apache.catalina.core.StandardEngine  : Starting Servlet engine: [Apache Tomcat/9.0.43]
2021-03-18 08:57:37.480  INFO 12408 --- [restartedMain] o.a.c.c.C.[Tomcat].[localhost].[/]       : Initializing Spring embedded WebApplicationContext
2021-03-18 08:57:37.482  INFO 12408 --- [restartedMain] w.s.c.ServletWebServerApplicationContext : Root WebApplicationContext: initialization completed in 6525 ms
2021-03-18 08:57:39.149  INFO 12408 --- [restartedMain] o.hibernate.jpa.internal.util.LogHelper  : HHH000204: Processing PersistenceUnitInfo [name: default]
2021-03-18 08:57:40.091  INFO 12408 --- [restartedMain] org.hibernate.Version                    : HHH000412: Hibernate ORM core version 5.4.28.Final
2021-03-18 08:57:41.645  INFO 12408 --- [restartedMain] o.hibernate.annotations.common.Version   : HCANN000001: Hibernate Commons Annotations {5.1.2.Final}
2021-03-18 08:57:42.603  INFO 12408 --- [restartedMain] com.zaxxer.hikari.HikariDataSource       : HikariPool-1 - Starting...
2021-03-18 08:57:44.536  INFO 12408 --- [restartedMain] com.zaxxer.hikari.HikariDataSource       : HikariPool-1 - Start completed.
2021-03-18 08:57:44.647  INFO 12408 --- [restartedMain] org.hibernate.dialect.Dialect            : HHH000400: Using dialect: org.hibernate.dialect.PostgreSQLDialect
2021-03-18 08:57:50.502  INFO 12408 --- [restartedMain] o.h.e.t.j.p.i.JtaPlatformInitiator       : HHH000490: Using JtaPlatform implementation: [org.hibernate.engine.transaction.jta.platform.internal.NoJtaPlatform]
2021-03-18 08:57:50.519  INFO 12408 --- [restartedMain] j.LocalContainerEntityManagerFactoryBean : Initialized JPA EntityManagerFactory for persistence unit 'default'
2021-03-18 08:57:50.676  INFO 12408 --- [restartedMain] o.s.b.d.a.OptionalLiveReloadServer       : LiveReload server is running on port 35729
2021-03-18 08:57:55.656  WARN 12408 --- [restartedMain] JpaBaseConfiguration$JpaWebConfiguration : spring.jpa.open-in-view is enabled by default. Therefore, database queries may be performed during view rendering. Explicitly configure spring.jpa.open-in-view to disable this warning
2021-03-18 08:57:56.598  INFO 12408 --- [restartedMain] pertySourcedRequestMappingHandlerMapping : Mapped URL path [/v2/api-docs] onto method [springfox.documentation.swagger2.web.Swagger2Controller#getDocumentation(String, HttpServletRequest)]
2021-03-18 08:57:57.042  INFO 12408 --- [restartedMain] o.s.s.concurrent.ThreadPoolTaskExecutor  : Initializing ExecutorService 'applicationTaskExecutor'
2021-03-18 08:57:58.459  INFO 12408 --- [restartedMain] o.s.b.w.embedded.tomcat.TomcatWebServer  : Tomcat started on port(s): 80 (http) with context path ''
2021-03-18 08:57:58.463  INFO 12408 --- [restartedMain] d.s.w.p.DocumentationPluginsBootstrapper : Context refreshed
2021-03-18 08:57:58.549  INFO 12408 --- [restartedMain] d.s.w.p.DocumentationPluginsBootstrapper : Found 1 custom documentation plugin(s)
2021-03-18 08:57:58.674  INFO 12408 --- [restartedMain] s.d.s.w.s.ApiListingReferenceScanner     : Scanning for api listing references
2021-03-18 08:58:00.903  INFO 12408 --- [restartedMain] .d.s.w.r.o.CachingOperationNameGenerator : Generating unique operation named: addFeedbackUsingPOST_1
2021-03-18 08:58:01.095  INFO 12408 --- [restartedMain] .d.s.w.r.o.CachingOperationNameGenerator : Generating unique operation named: getRevenueByBusRouteUsingGET_1
2021-03-18 08:58:01.120  INFO 12408 --- [restartedMain] .d.s.w.r.o.CachingOperationNameGenerator : Generating unique operation named: addFeedbackUsingPOST_2
2021-03-18 08:58:01.137  INFO 12408 --- [restartedMain] .d.s.w.r.o.CachingOperationNameGenerator : Generating unique operation named: viewAllFeedbacksUsingGET_1
2021-03-18 08:58:01.265  INFO 12408 --- [restartedMain] c.c.O.OnlineBusBookingApplication        : Started OnlineBusBookingApplication in 32.006 seconds (JVM running for 33.339)
2021-03-18 08:58:01.381  INFO 12408 --- [restartedMain] c.c.O.OnlineBusBookingApplication        : Starting my application with 0 args.
2021-03-18 09:00:49.606  INFO 12408 --- [http-nio-80-exec-1] o.a.c.c.C.[Tomcat].[localhost].[/]       : Initializing Spring DispatcherServlet 'dispatcherServlet'
2021-03-18 09:00:49.607  INFO 12408 --- [http-nio-80-exec-1] o.s.web.servlet.DispatcherServlet        : Initializing Servlet 'dispatcherServlet'
2021-03-18 09:00:49.610  INFO 12408 --- [http-nio-80-exec-1] o.s.web.servlet.DispatcherServlet        : Completed initialization in 2 ms
2021-03-18 11:06:14.406  WARN 12408 --- [http-nio-80-exec-10] .w.s.m.s.DefaultHandlerExceptionResolver : Resolved [org.springframework.web.method.annotation.MethodArgumentTypeMismatchException: Failed to convert value of type 'java.lang.String' to required type 'long'; nested exception is java.lang.NumberFormatException: For input string: "undefined"]
2021-03-18 11:07:22.002  WARN 12408 --- [http-nio-80-exec-1] .w.s.m.s.DefaultHandlerExceptionResolver : Resolved [org.springframework.web.method.annotation.MethodArgumentTypeMismatchException: Failed to convert value of type 'java.lang.String' to required type 'long'; nested exception is java.lang.NumberFormatException: For input string: "undefined"]
2021-03-18 11:07:25.405  WARN 12408 --- [http-nio-80-exec-2] .w.s.m.s.DefaultHandlerExceptionResolver : Resolved [org.springframework.web.method.annotation.MethodArgumentTypeMismatchException: Failed to convert value of type 'java.lang.String' to required type 'long'; nested exception is java.lang.NumberFormatException: For input string: "undefined"]
2021-03-18 11:20:02.012  WARN 12408 --- [http-nio-80-exec-6] .w.s.m.s.DefaultHandlerExceptionResolver : Resolved [org.springframework.web.method.annotation.MethodArgumentTypeMismatchException: Failed to convert value of type 'java.lang.String' to required type 'long'; nested exception is java.lang.NumberFormatException: For input string: "undefined"]
2021-03-18 11:21:17.122  WARN 12408 --- [http-nio-80-exec-5] .w.s.m.s.DefaultHandlerExceptionResolver : Resolved [org.springframework.web.method.annotation.MethodArgumentTypeMismatchException: Failed to convert value of type 'java.lang.String' to required type 'long'; nested exception is java.lang.NumberFormatException: For input string: "undefined"]
2021-03-18 11:21:22.417  WARN 12408 --- [http-nio-80-exec-9] .w.s.m.s.DefaultHandlerExceptionResolver : Resolved [org.springframework.web.method.annotation.MethodArgumentTypeMismatchException: Failed to convert value of type 'java.lang.String' to required type 'long'; nested exception is java.lang.NumberFormatException: For input string: "undefined"]
2021-03-18 11:24:58.237  WARN 12408 --- [http-nio-80-exec-10] .w.s.m.s.DefaultHandlerExceptionResolver : Resolved [org.springframework.web.method.annotation.MethodArgumentTypeMismatchException: Failed to convert value of type 'java.lang.String' to required type 'long'; nested exception is java.lang.NumberFormatException: For input string: "undefined"]
2021-03-18 11:25:50.662  WARN 12408 --- [http-nio-80-exec-4] .w.s.m.s.DefaultHandlerExceptionResolver : Resolved [org.springframework.web.method.annotation.MethodArgumentTypeMismatchException: Failed to convert value of type 'java.lang.String' to required type 'long'; nested exception is java.lang.NumberFormatException: For input string: "undefined"]
2021-03-18 12:27:14.435  INFO 12408 --- [Thread-6] o.s.s.concurrent.ThreadPoolTaskExecutor  : Shutting down ExecutorService 'applicationTaskExecutor'
2021-03-18 12:27:14.451  INFO 12408 --- [Thread-6] j.LocalContainerEntityManagerFactoryBean : Closing JPA EntityManagerFactory for persistence unit 'default'
2021-03-18 12:27:14.586  INFO 12408 --- [Thread-6] com.zaxxer.hikari.HikariDataSource       : HikariPool-1 - Shutdown initiated...
2021-03-18 12:27:14.688  INFO 12408 --- [Thread-6] com.zaxxer.hikari.HikariDataSource       : HikariPool-1 - Shutdown completed.
2021-03-18 12:27:16.864  INFO 12408 --- [restartedMain] c.c.O.OnlineBusBookingApplication        : Before Starting application
2021-03-18 12:27:17.371  INFO 12408 --- [restartedMain] c.c.O.OnlineBusBookingApplication        : Starting OnlineBusBookingApplication using Java 1.8.0_192 on DESKTOP-2KEIG38 with PID 12408 (C:\Users\sidha\eclipse-workspace\SprintProject\Online-Bus-Booking\bin\main started by sidha in C:\Users\sidha\eclipse-workspace\SprintProject\Online-Bus-Booking)
2021-03-18 12:27:17.371  INFO 12408 --- [restartedMain] c.c.O.OnlineBusBookingApplication        : No active profile set, falling back to default profiles: default
2021-03-18 12:27:18.802  INFO 12408 --- [restartedMain] .s.d.r.c.RepositoryConfigurationDelegate : Bootstrapping Spring Data JPA repositories in DEFAULT mode.
2021-03-18 12:27:18.914  INFO 12408 --- [restartedMain] .s.d.r.c.RepositoryConfigurationDelegate : Finished Spring Data repository scanning in 111 ms. Found 8 JPA repository interfaces.
2021-03-18 12:27:19.422  INFO 12408 --- [restartedMain] o.s.b.w.embedded.tomcat.TomcatWebServer  : Tomcat initialized with port(s): 80 (http)
2021-03-18 12:27:19.423  INFO 12408 --- [restartedMain] o.apache.catalina.core.StandardService   : Starting service [Tomcat]
2021-03-18 12:27:19.424  INFO 12408 --- [restartedMain] org.apache.catalina.core.StandardEngine  : Starting Servlet engine: [Apache Tomcat/9.0.43]
2021-03-18 12:27:19.492  INFO 12408 --- [restartedMain] o.a.c.c.C.[Tomcat].[localhost].[/]       : Initializing Spring embedded WebApplicationContext
2021-03-18 12:27:19.493  INFO 12408 --- [restartedMain] w.s.c.ServletWebServerApplicationContext : Root WebApplicationContext: initialization completed in 2052 ms
2021-03-18 12:27:19.625  INFO 12408 --- [restartedMain] o.hibernate.jpa.internal.util.LogHelper  : HHH000204: Processing PersistenceUnitInfo [name: default]
2021-03-18 12:27:19.638  INFO 12408 --- [restartedMain] com.zaxxer.hikari.HikariDataSource       : HikariPool-2 - Starting...
2021-03-18 12:27:19.738  INFO 12408 --- [restartedMain] com.zaxxer.hikari.HikariDataSource       : HikariPool-2 - Start completed.
2021-03-18 12:27:19.740  INFO 12408 --- [restartedMain] org.hibernate.dialect.Dialect            : HHH000400: Using dialect: org.hibernate.dialect.PostgreSQLDialect
2021-03-18 12:27:20.317 ERROR 12408 --- [restartedMain] j.LocalContainerEntityManagerFactoryBean : Failed to initialize JPA EntityManagerFactory: @OneToOne or @ManyToOne on com.cg.OnlineBusBooking.entities.Booking.bus references an unknown entity: java.util.List
2021-03-18 12:27:20.318  WARN 12408 --- [restartedMain] ConfigServletWebServerApplicationContext : Exception encountered during context initialization - cancelling refresh attempt: org.springframework.beans.factory.BeanCreationException: Error creating bean with name 'entityManagerFactory' defined in class path resource [org/springframework/boot/autoconfigure/orm/jpa/HibernateJpaConfiguration.class]: Invocation of init method failed; nested exception is org.hibernate.AnnotationException: @OneToOne or @ManyToOne on com.cg.OnlineBusBooking.entities.Booking.bus references an unknown entity: java.util.List
2021-03-18 12:27:20.318  INFO 12408 --- [restartedMain] com.zaxxer.hikari.HikariDataSource       : HikariPool-2 - Shutdown initiated...
2021-03-18 12:27:20.444  INFO 12408 --- [restartedMain] com.zaxxer.hikari.HikariDataSource       : HikariPool-2 - Shutdown completed.
2021-03-18 12:27:20.465  INFO 12408 --- [restartedMain] o.apache.catalina.core.StandardService   : Stopping service [Tomcat]
2021-03-18 12:27:20.490  INFO 12408 --- [restartedMain] ConditionEvaluationReportLoggingListener : 

Error starting ApplicationContext. To display the conditions report re-run your application with 'debug' enabled.
2021-03-18 12:27:20.582 ERROR 12408 --- [restartedMain] o.s.boot.SpringApplication               : Application run failed

org.springframework.beans.factory.BeanCreationException: Error creating bean with name 'entityManagerFactory' defined in class path resource [org/springframework/boot/autoconfigure/orm/jpa/HibernateJpaConfiguration.class]: Invocation of init method failed; nested exception is org.hibernate.AnnotationException: @OneToOne or @ManyToOne on com.cg.OnlineBusBooking.entities.Booking.bus references an unknown entity: java.util.List
	at org.springframework.beans.factory.support.AbstractAutowireCapableBeanFactory.initializeBean(AbstractAutowireCapableBeanFactory.java:1786) ~[spring-beans-5.3.4.jar:5.3.4]
	at org.springframework.beans.factory.support.AbstractAutowireCapableBeanFactory.doCreateBean(AbstractAutowireCapableBeanFactory.java:602) ~[spring-beans-5.3.4.jar:5.3.4]
	at org.springframework.beans.factory.support.AbstractAutowireCapableBeanFactory.createBean(AbstractAutowireCapableBeanFactory.java:524) ~[spring-beans-5.3.4.jar:5.3.4]
	at org.springframework.beans.factory.support.AbstractBeanFactory.lambda$doGetBean$0(AbstractBeanFactory.java:335) ~[spring-beans-5.3.4.jar:5.3.4]
	at org.springframework.beans.factory.support.DefaultSingletonBeanRegistry.getSingleton(DefaultSingletonBeanRegistry.java:234) ~[spring-beans-5.3.4.jar:5.3.4]
	at org.springframework.beans.factory.support.AbstractBeanFactory.doGetBean(AbstractBeanFactory.java:333) ~[spring-beans-5.3.4.jar:5.3.4]
	at org.springframework.beans.factory.support.AbstractBeanFactory.getBean(AbstractBeanFactory.java:208) ~[spring-beans-5.3.4.jar:5.3.4]
	at org.springframework.context.support.AbstractApplicationContext.getBean(AbstractApplicationContext.java:1153) ~[spring-context-5.3.4.jar:5.3.4]
	at org.springframework.context.support.AbstractApplicationContext.finishBeanFactoryInitialization(AbstractApplicationContext.java:907) ~[spring-context-5.3.4.jar:5.3.4]
	at org.springframework.context.support.AbstractApplicationContext.refresh(AbstractApplicationContext.java:582) ~[spring-context-5.3.4.jar:5.3.4]
	at org.springframework.boot.web.servlet.context.ServletWebServerApplicationContext.refresh(ServletWebServerApplicationContext.java:144) ~[spring-boot-2.4.3.jar:2.4.3]
	at org.springframework.boot.SpringApplication.refresh(SpringApplication.java:767) [spring-boot-2.4.3.jar:2.4.3]
	at org.springframework.boot.SpringApplication.refresh(SpringApplication.java:759) [spring-boot-2.4.3.jar:2.4.3]
	at org.springframework.boot.SpringApplication.refreshContext(SpringApplication.java:426) [spring-boot-2.4.3.jar:2.4.3]
	at org.springframework.boot.SpringApplication.run(SpringApplication.java:326) [spring-boot-2.4.3.jar:2.4.3]
	at org.springframework.boot.SpringApplication.run(SpringApplication.java:1311) [spring-boot-2.4.3.jar:2.4.3]
	at org.springframework.boot.SpringApplication.run(SpringApplication.java:1300) [spring-boot-2.4.3.jar:2.4.3]
	at com.cg.OnlineBusBooking.OnlineBusBookingApplication.main(OnlineBusBookingApplication.java:16) [main/:na]
	at sun.reflect.NativeMethodAccessorImpl.invoke0(Native Method) ~[na:1.8.0_192]
	at sun.reflect.NativeMethodAccessorImpl.invoke(NativeMethodAccessorImpl.java:62) ~[na:1.8.0_192]
	at sun.reflect.DelegatingMethodAccessorImpl.invoke(DelegatingMethodAccessorImpl.java:43) ~[na:1.8.0_192]
	at java.lang.reflect.Method.invoke(Method.java:498) ~[na:1.8.0_192]
	at org.springframework.boot.devtools.restart.RestartLauncher.run(RestartLauncher.java:49) [spring-boot-devtools-2.4.3.jar:2.4.3]
Caused by: org.hibernate.AnnotationException: @OneToOne or @ManyToOne on com.cg.OnlineBusBooking.entities.Booking.bus references an unknown entity: java.util.List
	at org.hibernate.cfg.ToOneFkSecondPass.doSecondPass(ToOneFkSecondPass.java:97) ~[hibernate-core-5.4.28.Final.jar:5.4.28.Final]
	at org.hibernate.boot.internal.InFlightMetadataCollectorImpl.processEndOfQueue(InFlightMetadataCollectorImpl.java:1823) ~[hibernate-core-5.4.28.Final.jar:5.4.28.Final]
	at org.hibernate.boot.internal.InFlightMetadataCollectorImpl.processFkSecondPassesInOrder(InFlightMetadataCollectorImpl.java:1767) ~[hibernate-core-5.4.28.Final.jar:5.4.28.Final]
	at org.hibernate.boot.internal.InFlightMetadataCollectorImpl.processSecondPasses(InFlightMetadataCollectorImpl.java:1655) ~[hibernate-core-5.4.28.Final.jar:5.4.28.Final]
	at org.hibernate.boot.model.process.spi.MetadataBuildingProcess.complete(MetadataBuildingProcess.java:295) ~[hibernate-core-5.4.28.Final.jar:5.4.28.Final]
	at org.hibernate.jpa.boot.internal.EntityManagerFactoryBuilderImpl.metadata(EntityManagerFactoryBuilderImpl.java:1224) ~[hibernate-core-5.4.28.Final.jar:5.4.28.Final]
	at org.hibernate.jpa.boot.internal.EntityManagerFactoryBuilderImpl.build(EntityManagerFactoryBuilderImpl.java:1255) ~[hibernate-core-5.4.28.Final.jar:5.4.28.Final]
	at org.springframework.orm.jpa.vendor.SpringHibernateJpaPersistenceProvider.createContainerEntityManagerFactory(SpringHibernateJpaPersistenceProvider.java:58) ~[spring-orm-5.3.4.jar:5.3.4]
	at org.springframework.orm.jpa.LocalContainerEntityManagerFactoryBean.createNativeEntityManagerFactory(LocalContainerEntityManagerFactoryBean.java:365) ~[spring-orm-5.3.4.jar:5.3.4]
	at org.springframework.orm.jpa.AbstractEntityManagerFactoryBean.buildNativeEntityManagerFactory(AbstractEntityManagerFactoryBean.java:409) ~[spring-orm-5.3.4.jar:5.3.4]
	at org.springframework.orm.jpa.AbstractEntityManagerFactoryBean.afterPropertiesSet(AbstractEntityManagerFactoryBean.java:396) ~[spring-orm-5.3.4.jar:5.3.4]
	at org.springframework.orm.jpa.LocalContainerEntityManagerFactoryBean.afterPropertiesSet(LocalContainerEntityManagerFactoryBean.java:341) ~[spring-orm-5.3.4.jar:5.3.4]
	at org.springframework.beans.factory.support.AbstractAutowireCapableBeanFactory.invokeInitMethods(AbstractAutowireCapableBeanFactory.java:1845) ~[spring-beans-5.3.4.jar:5.3.4]
	at org.springframework.beans.factory.support.AbstractAutowireCapableBeanFactory.initializeBean(AbstractAutowireCapableBeanFactory.java:1782) ~[spring-beans-5.3.4.jar:5.3.4]
	... 22 common frames omitted

2021-03-18 12:27:43.747  INFO 12408 --- [restartedMain] c.c.O.OnlineBusBookingApplication        : Before Starting application
2021-03-18 12:27:43.911  INFO 12408 --- [restartedMain] c.c.O.OnlineBusBookingApplication        : Starting OnlineBusBookingApplication using Java 1.8.0_192 on DESKTOP-2KEIG38 with PID 12408 (C:\Users\sidha\eclipse-workspace\SprintProject\Online-Bus-Booking\bin\main started by sidha in C:\Users\sidha\eclipse-workspace\SprintProject\Online-Bus-Booking)
2021-03-18 12:27:43.912  INFO 12408 --- [restartedMain] c.c.O.OnlineBusBookingApplication        : No active profile set, falling back to default profiles: default
2021-03-18 12:27:45.193  INFO 12408 --- [restartedMain] .s.d.r.c.RepositoryConfigurationDelegate : Bootstrapping Spring Data JPA repositories in DEFAULT mode.
2021-03-18 12:27:45.342  INFO 12408 --- [restartedMain] .s.d.r.c.RepositoryConfigurationDelegate : Finished Spring Data repository scanning in 148 ms. Found 8 JPA repository interfaces.
2021-03-18 12:27:45.572  INFO 12408 --- [restartedMain] o.s.b.w.embedded.tomcat.TomcatWebServer  : Tomcat initialized with port(s): 80 (http)
2021-03-18 12:27:45.574  INFO 12408 --- [restartedMain] o.apache.catalina.core.StandardService   : Starting service [Tomcat]
2021-03-18 12:27:45.575  INFO 12408 --- [restartedMain] org.apache.catalina.core.StandardEngine  : Starting Servlet engine: [Apache Tomcat/9.0.43]
2021-03-18 12:27:45.689  INFO 12408 --- [restartedMain] o.a.c.c.C.[Tomcat-1].[localhost].[/]     : Initializing Spring embedded WebApplicationContext
2021-03-18 12:27:45.690  INFO 12408 --- [restartedMain] w.s.c.ServletWebServerApplicationContext : Root WebApplicationContext: initialization completed in 1767 ms
2021-03-18 12:27:45.862  INFO 12408 --- [restartedMain] o.hibernate.jpa.internal.util.LogHelper  : HHH000204: Processing PersistenceUnitInfo [name: default]
2021-03-18 12:27:45.872  INFO 12408 --- [restartedMain] com.zaxxer.hikari.HikariDataSource       : HikariPool-3 - Starting...
2021-03-18 12:27:45.990  INFO 12408 --- [restartedMain] com.zaxxer.hikari.HikariDataSource       : HikariPool-3 - Start completed.
2021-03-18 12:27:45.991  INFO 12408 --- [restartedMain] org.hibernate.dialect.Dialect            : HHH000400: Using dialect: org.hibernate.dialect.PostgreSQLDialect
2021-03-18 12:27:47.974  INFO 12408 --- [restartedMain] o.h.e.t.j.p.i.JtaPlatformInitiator       : HHH000490: Using JtaPlatform implementation: [org.hibernate.engine.transaction.jta.platform.internal.NoJtaPlatform]
2021-03-18 12:27:47.975  INFO 12408 --- [restartedMain] j.LocalContainerEntityManagerFactoryBean : Initialized JPA EntityManagerFactory for persistence unit 'default'
2021-03-18 12:27:48.006  INFO 12408 --- [restartedMain] o.s.b.d.a.OptionalLiveReloadServer       : LiveReload server is running on port 35729
2021-03-18 12:27:48.746  WARN 12408 --- [restartedMain] JpaBaseConfiguration$JpaWebConfiguration : spring.jpa.open-in-view is enabled by default. Therefore, database queries may be performed during view rendering. Explicitly configure spring.jpa.open-in-view to disable this warning
2021-03-18 12:27:48.865  INFO 12408 --- [restartedMain] pertySourcedRequestMappingHandlerMapping : Mapped URL path [/v2/api-docs] onto method [springfox.documentation.swagger2.web.Swagger2Controller#getDocumentation(String, HttpServletRequest)]
2021-03-18 12:27:48.957  INFO 12408 --- [restartedMain] o.s.s.concurrent.ThreadPoolTaskExecutor  : Initializing ExecutorService 'applicationTaskExecutor'
2021-03-18 12:27:49.197  INFO 12408 --- [restartedMain] o.s.b.w.embedded.tomcat.TomcatWebServer  : Tomcat started on port(s): 80 (http) with context path ''
2021-03-18 12:27:49.201  INFO 12408 --- [restartedMain] d.s.w.p.DocumentationPluginsBootstrapper : Context refreshed
2021-03-18 12:27:49.202  INFO 12408 --- [restartedMain] d.s.w.p.DocumentationPluginsBootstrapper : Found 1 custom documentation plugin(s)
2021-03-18 12:27:49.239  INFO 12408 --- [restartedMain] s.d.s.w.s.ApiListingReferenceScanner     : Scanning for api listing references
2021-03-18 12:27:49.490  INFO 12408 --- [restartedMain] .d.s.w.r.o.CachingOperationNameGenerator : Generating unique operation named: addFeedbackUsingPOST_1
2021-03-18 12:27:49.571  INFO 12408 --- [restartedMain] .d.s.w.r.o.CachingOperationNameGenerator : Generating unique operation named: getRevenueByBusRouteUsingGET_1
2021-03-18 12:27:49.593  INFO 12408 --- [restartedMain] .d.s.w.r.o.CachingOperationNameGenerator : Generating unique operation named: addFeedbackUsingPOST_2
2021-03-18 12:27:49.618  INFO 12408 --- [restartedMain] .d.s.w.r.o.CachingOperationNameGenerator : Generating unique operation named: viewAllFeedbacksUsingGET_1
2021-03-18 12:27:49.667  INFO 12408 --- [restartedMain] c.c.O.OnlineBusBookingApplication        : Started OnlineBusBookingApplication in 5.892 seconds (JVM running for 12620.741)
2021-03-18 12:27:49.671  INFO 12408 --- [restartedMain] .ConditionEvaluationDeltaLoggingListener : Condition evaluation unchanged
2021-03-18 12:27:49.672  INFO 12408 --- [restartedMain] c.c.O.OnlineBusBookingApplication        : Starting my application with 0 args.
2021-03-18 12:28:04.752  INFO 12408 --- [http-nio-80-exec-10] o.a.c.c.C.[Tomcat-1].[localhost].[/]     : Initializing Spring DispatcherServlet 'dispatcherServlet'
2021-03-18 12:28:04.755  INFO 12408 --- [http-nio-80-exec-10] o.s.web.servlet.DispatcherServlet        : Initializing Servlet 'dispatcherServlet'
2021-03-18 12:28:04.758  INFO 12408 --- [http-nio-80-exec-10] o.s.web.servlet.DispatcherServlet        : Completed initialization in 2 ms
